<?xml version="1.0" encoding="UTF-8"?>
<testng-results skipped="0" failed="0" total="1" passed="1">
  <reporter-output>
  </reporter-output>
  <suite name="Default suite" duration-ms="230985" started-at="2016-03-16T04:57:16Z" finished-at="2016-03-16T05:01:07Z">
    <groups>
    </groups>
    <test name="Default test" duration-ms="230985" started-at="2016-03-16T04:57:16Z" finished-at="2016-03-16T05:01:07Z">
      <class name="com.quickride.scripts.RideScheduleTest">
        <test-method status="PASS" signature="setobjects()[pri:0, instance:com.quickride.scripts.RideScheduleTest@2c9f9fb0]" name="setobjects" is-config="true" duration-ms="19" started-at="2016-03-16T10:27:16Z" finished-at="2016-03-16T10:27:16Z">
          <reporter-output>
          </reporter-output>
        </test-method> <!-- setobjects -->
        <test-method status="PASS" signature="setUp()[pri:0, instance:com.quickride.scripts.RideScheduleTest@2c9f9fb0]" name="setUp" is-config="true" duration-ms="19958" started-at="2016-03-16T10:27:16Z" finished-at="2016-03-16T10:27:36Z">
          <reporter-output>
          </reporter-output>
        </test-method> <!-- setUp -->
        <test-method status="PASS" signature="testRiderInvitePassenger()[pri:0, instance:com.quickride.scripts.RideScheduleTest@2c9f9fb0]" name="testRiderInvitePassenger" duration-ms="209514" started-at="2016-03-16T10:27:36Z" finished-at="2016-03-16T10:31:05Z">
          <reporter-output>
          </reporter-output>
        </test-method> <!-- testRiderInvitePassenger -->
        <test-method status="PASS" signature="tearDown()[pri:0, instance:com.quickride.scripts.RideScheduleTest@2c9f9fb0]" name="tearDown" is-config="true" duration-ms="1479" started-at="2016-03-16T10:31:05Z" finished-at="2016-03-16T10:31:07Z">
          <reporter-output>
          </reporter-output>
        </test-method> <!-- tearDown -->
      </class> <!-- com.quickride.scripts.RideScheduleTest -->
    </test> <!-- Default test -->
  </suite> <!-- Default suite -->
</testng-results>
